<!DOCTYPE html>

<html>
  <head>
  <meta charset='utf-8'>
  <title>TestNG reports</title>

    <link type="text/css" href="testng-reports1.css" rel="stylesheet" id="ultra" />
    <link type="text/css" href="testng-reports.css" rel="stylesheet" id="retro" disabled="false"/>
    <script type="text/javascript" src="jquery-3.6.0.min.js"></script>
    <script type="text/javascript" src="testng-reports.js"></script>
    <script type="text/javascript" src="https://www.google.com/jsapi"></script>
    <script type='text/javascript'>
      google.load('visualization', '1', {packages:['table']});
      google.setOnLoadCallback(drawTable);
      var suiteTableInitFunctions = new Array();
      var suiteTableData = new Array();
    </script>
    <!--
      <script type="text/javascript" src="jquery-ui/js/jquery-ui-1.8.16.custom.min.js"></script>
     -->
  </head>

  <body>    <div class="top-banner-root">
      <span class="top-banner-title-font">Test results</span>
      <button id="button" class="button">Switch Retro Theme</button> <!-- button -->
      <br/>
      <span class="top-banner-font-1">1 suite, 2 failed tests</span>
    </div> <!-- top-banner-root -->
    <div class="navigator-root">
      <div class="navigator-suite-header">
        <span>All suites</span>
        <a href="#" title="Collapse/expand all the suites" class="collapse-all-link">
          <img src="collapseall.gif" class="collapse-all-icon">
          </img> <!-- collapse-all-icon -->
        </a> <!-- collapse-all-link -->
      </div> <!-- navigator-suite-header -->
      <div class="suite">
        <div class="rounded-window">
          <div class="suite-header light-rounded-window-top">
            <a href="#" panel-name="suite-ParameterSuite" class="navigator-link">
              <span class="suite-name border-failed">ParameterSuite</span>
            </a> <!-- navigator-link -->
          </div> <!-- suite-header light-rounded-window-top -->
          <div class="navigator-suite-content">
            <div class="suite-section-title">
              <span>Info</span>
            </div> <!-- suite-section-title -->
            <div class="suite-section-content">
              <ul>
                <li>
                  <a href="#" panel-name="test-xml-ParameterSuite" class="navigator-link ">
                    <span>C:\Users\Yashpal Singh\Documents\Selenium_English\SeleniumProject\src\test\resources\ParameterTest.xml</span>
                  </a> <!-- navigator-link  -->
                </li>
                <li>
                  <a href="#" panel-name="testlist-ParameterSuite" class="navigator-link ">
                    <span class="test-stats">2 tests</span>
                  </a> <!-- navigator-link  -->
                </li>
                <li>
                  <a href="#" panel-name="group-ParameterSuite" class="navigator-link ">
                    <span>0 groups</span>
                  </a> <!-- navigator-link  -->
                </li>
                <li>
                  <a href="#" panel-name="times-ParameterSuite" class="navigator-link ">
                    <span>Times</span>
                  </a> <!-- navigator-link  -->
                </li>
                <li>
                  <a href="#" panel-name="reporter-ParameterSuite" class="navigator-link ">
                    <span>Reporter output</span>
                  </a> <!-- navigator-link  -->
                </li>
                <li>
                  <a href="#" panel-name="ignored-methods-ParameterSuite" class="navigator-link ">
                    <span>Ignored methods</span>
                  </a> <!-- navigator-link  -->
                </li>
                <li>
                  <a href="#" panel-name="chronological-ParameterSuite" class="navigator-link ">
                    <span>Chronological view</span>
                  </a> <!-- navigator-link  -->
                </li>
              </ul>
            </div> <!-- suite-section-content -->
            <div class="result-section">
              <div class="suite-section-title">
                <span>Results</span>
              </div> <!-- suite-section-title -->
              <div class="suite-section-content">
                <ul>
                  <li>
                    <span class="method-stats">8 methods, 2 failed,  2 skipped,  4 passed</span>
                  </li>
                  <li>
                    <span class="method-list-title failed">Failed methods</span>
                    <span class="show-or-hide-methods failed">
                      <a href="#" panel-name="suite-ParameterSuite" class="hide-methods failed suite-ParameterSuite"> (hide)</a> <!-- hide-methods failed suite-ParameterSuite -->
                      <a href="#" panel-name="suite-ParameterSuite" class="show-methods failed suite-ParameterSuite"> (show)</a> <!-- show-methods failed suite-ParameterSuite -->
                    </span>
                    <div class="method-list-content failed suite-ParameterSuite">
                      <span>
                        <img src="failed.png" width="3%"/>
                        <a href="#" panel-name="suite-ParameterSuite" title="firstTestNG.parameterstest" class="method navigator-link" hash-for-method="NavigatetoMyInfo">NavigatetoMyInfo</a> <!-- method navigator-link -->
                      </span>
                      <br/>
                      <span>
                        <img src="failed.png" width="3%"/>
                        <a href="#" panel-name="suite-ParameterSuite" title="firstTestNG.parameterstest" class="method navigator-link" hash-for-method="NavigatetoMyInfo">NavigatetoMyInfo</a> <!-- method navigator-link -->
                      </span>
                      <br/>
                    </div> <!-- method-list-content failed suite-ParameterSuite -->
                  </li>
                  <li>
                    <span class="method-list-title skipped">Skipped methods</span>
                    <span class="show-or-hide-methods skipped">
                      <a href="#" panel-name="suite-ParameterSuite" class="hide-methods skipped suite-ParameterSuite"> (hide)</a> <!-- hide-methods skipped suite-ParameterSuite -->
                      <a href="#" panel-name="suite-ParameterSuite" class="show-methods skipped suite-ParameterSuite"> (show)</a> <!-- show-methods skipped suite-ParameterSuite -->
                    </span>
                    <div class="method-list-content skipped suite-ParameterSuite">
                      <span>
                        <img src="skipped.png" width="3%"/>
                        <a href="#" panel-name="suite-ParameterSuite" title="firstTestNG.parameterstest" class="method navigator-link" hash-for-method="verifyInfo">verifyInfo</a> <!-- method navigator-link -->
                      </span>
                      <br/>
                      <span>
                        <img src="skipped.png" width="3%"/>
                        <a href="#" panel-name="suite-ParameterSuite" title="firstTestNG.parameterstest" class="method navigator-link" hash-for-method="verifyLogin">verifyLogin</a> <!-- method navigator-link -->
                      </span>
                      <br/>
                    </div> <!-- method-list-content skipped suite-ParameterSuite -->
                  </li>
                  <li>
                    <span class="method-list-title passed">Passed methods</span>
                    <span class="show-or-hide-methods passed">
                      <a href="#" panel-name="suite-ParameterSuite" class="hide-methods passed suite-ParameterSuite"> (hide)</a> <!-- hide-methods passed suite-ParameterSuite -->
                      <a href="#" panel-name="suite-ParameterSuite" class="show-methods passed suite-ParameterSuite"> (show)</a> <!-- show-methods passed suite-ParameterSuite -->
                    </span>
                    <div class="method-list-content passed suite-ParameterSuite">
                      <span>
                        <img src="passed.png" width="3%"/>
                        <a href="#" panel-name="suite-ParameterSuite" title="firstTestNG.parameterstest" class="method navigator-link" hash-for-method="EnterLoginDetails(Jamna, jamna123)">EnterLoginDetails(Jamna, jamna123)</a> <!-- method navigator-link -->
                      </span>
                      <br/>
                      <span>
                        <img src="passed.png" width="3%"/>
                        <a href="#" panel-name="suite-ParameterSuite" title="firstTestNG.parameterstest" class="method navigator-link" hash-for-method="EnterLoginDetails(Jamna, jamna123)">EnterLoginDetails(Jamna, jamna123)</a> <!-- method navigator-link -->
                      </span>
                      <br/>
                      <span>
                        <img src="passed.png" width="3%"/>
                        <a href="#" panel-name="suite-ParameterSuite" title="firstTestNG.parameterstest" class="method navigator-link" hash-for-method="Launchapp(https://opensource-demo.orangehrmlive.com/web/index.php/auth/login)">Launchapp(https://opensource-demo.orangehrmlive.com/web/index.php/auth/login)</a> <!-- method navigator-link -->
                      </span>
                      <br/>
                      <span>
                        <img src="passed.png" width="3%"/>
                        <a href="#" panel-name="suite-ParameterSuite" title="firstTestNG.parameterstest" class="method navigator-link" hash-for-method="Launchapp(https://opensource-demo.orangehrmlive.com/web/index.php/auth/login)">Launchapp(https://opensource-demo.orangehrmlive.com/web/index.php/auth/login)</a> <!-- method navigator-link -->
                      </span>
                      <br/>
                    </div> <!-- method-list-content passed suite-ParameterSuite -->
                  </li>
                </ul>
              </div> <!-- suite-section-content -->
            </div> <!-- result-section -->
          </div> <!-- navigator-suite-content -->
        </div> <!-- rounded-window -->
      </div> <!-- suite -->
    </div> <!-- navigator-root -->
    <div class="wrapper">
      <div class="main-panel-root">
        <div panel-name="suite-ParameterSuite" class="panel ParameterSuite">
          <div class="suite-ParameterSuite-class-failed">
            <div class="main-panel-header rounded-window-top">
              <img src="failed.png"/>
              <span class="class-name">firstTestNG.parameterstest</span>
            </div> <!-- main-panel-header rounded-window-top -->
            <div class="main-panel-content rounded-window-bottom">
              <div class="method">
                <div class="method-content">
                  <a name="NavigatetoMyInfo">
                  </a> <!-- NavigatetoMyInfo -->
                  <span class="method-name">NavigatetoMyInfo</span>
                  <div class="stack-trace">org.openqa.selenium.NoSuchElementException: no such element: Unable to locate element: {&quot;method&quot;:&quot;xpath&quot;,&quot;selector&quot;:&quot;//span[text()=&apos;My Info&apos;]&quot;}
  (Session info: chrome=129.0.6668.59)
For documentation on this error, please visit: https://www.selenium.dev/documentation/webdriver/troubleshooting/errors#no-such-element-exception
Build info: version: &apos;4.20.0&apos;, revision: &apos;866c76ca80&apos;
System info: os.name: &apos;Windows 11&apos;, os.arch: &apos;amd64&apos;, os.version: &apos;10.0&apos;, java.version: &apos;11.0.20&apos;
Driver info: org.openqa.selenium.chrome.ChromeDriver
Command: [8d918e8127556b3639a6611995aea353, findElement {using=xpath, value=//span[text()=&apos;My Info&apos;]}]
Capabilities {acceptInsecureCerts: false, browserName: chrome, browserVersion: 129.0.6668.59, chrome: {chromedriverVersion: 129.0.6668.70 (df87d5cf12b1..., userDataDir: C:\Users\YASHPA~1\AppData\L...}, fedcm:accounts: true, goog:chromeOptions: {debuggerAddress: localhost:54152}, networkConnectionEnabled: false, pageLoadStrategy: normal, platformName: windows, proxy: Proxy(), se:cdp: ws://localhost:54152/devtoo..., se:cdpVersion: 129.0.6668.59, setWindowRect: true, strictFileInteractability: false, timeouts: {implicit: 0, pageLoad: 300000, script: 30000}, unhandledPromptBehavior: dismiss and notify, webauthn:extension:credBlob: true, webauthn:extension:largeBlob: true, webauthn:extension:minPinLength: true, webauthn:extension:prf: true, webauthn:virtualAuthenticators: true}
Session ID: 8d918e8127556b3639a6611995aea353
	at org.openqa.selenium.remote.ErrorCodec.decode(ErrorCodec.java:167)
	at org.openqa.selenium.remote.codec.w3c.W3CHttpResponseCodec.decode(W3CHttpResponseCodec.java:138)
	at org.openqa.selenium.remote.codec.w3c.W3CHttpResponseCodec.decode(W3CHttpResponseCodec.java:50)
	at org.openqa.selenium.remote.HttpCommandExecutor.execute(HttpCommandExecutor.java:190)
	at org.openqa.selenium.remote.service.DriverCommandExecutor.invokeExecute(DriverCommandExecutor.java:216)
	at org.openqa.selenium.remote.service.DriverCommandExecutor.execute(DriverCommandExecutor.java:174)
	at org.openqa.selenium.remote.RemoteWebDriver.execute(RemoteWebDriver.java:518)
	at org.openqa.selenium.remote.ElementLocation$ElementFinder$2.findElement(ElementLocation.java:165)
	at org.openqa.selenium.remote.ElementLocation.findElement(ElementLocation.java:59)
	at org.openqa.selenium.remote.RemoteWebDriver.findElement(RemoteWebDriver.java:355)
	at org.openqa.selenium.remote.RemoteWebDriver.findElement(RemoteWebDriver.java:349)
	at firstTestNG.parameterstest.NavigatetoMyInfo(parameterstest.java:76)
	at java.base/java.util.ArrayList.forEach(ArrayList.java:1541)
... Removed 35 stack frames
</div> <!-- stack-trace -->
                </div> <!-- method-content -->
              </div> <!-- method -->
              <div class="method">
                <div class="method-content">
                  <a name="NavigatetoMyInfo">
                  </a> <!-- NavigatetoMyInfo -->
                  <span class="method-name">NavigatetoMyInfo</span>
                  <div class="stack-trace">org.openqa.selenium.NoSuchElementException: no such element: Unable to locate element: {&quot;method&quot;:&quot;xpath&quot;,&quot;selector&quot;:&quot;//span[text()=&apos;My Info&apos;]&quot;}
  (Session info: MicrosoftEdge=129.0.2792.52)
For documentation on this error, please visit: https://www.selenium.dev/documentation/webdriver/troubleshooting/errors#no-such-element-exception
Build info: version: &apos;4.20.0&apos;, revision: &apos;866c76ca80&apos;
System info: os.name: &apos;Windows 11&apos;, os.arch: &apos;amd64&apos;, os.version: &apos;10.0&apos;, java.version: &apos;11.0.20&apos;
Driver info: org.openqa.selenium.edge.EdgeDriver
Command: [a9867cc9fe9851d6f150b8539b5a7dcf, findElement {using=xpath, value=//span[text()=&apos;My Info&apos;]}]
Capabilities {acceptInsecureCerts: false, browserName: MicrosoftEdge, browserVersion: 129.0.2792.52, fedcm:accounts: true, ms:edgeOptions: {debuggerAddress: localhost:54183}, msedge: {msedgedriverVersion: 129.0.2792.52 (6462e8fc16ec..., userDataDir: C:\Users\YASHPA~1\AppData\L...}, networkConnectionEnabled: false, pageLoadStrategy: normal, platformName: windows, proxy: Proxy(), se:cdp: ws://localhost:54183/devtoo..., se:cdpVersion: 129.0.2792.52, setWindowRect: true, strictFileInteractability: false, timeouts: {implicit: 0, pageLoad: 300000, script: 30000}, unhandledPromptBehavior: dismiss and notify, webauthn:extension:credBlob: true, webauthn:extension:largeBlob: true, webauthn:extension:minPinLength: true, webauthn:extension:prf: true, webauthn:virtualAuthenticators: true}
Session ID: a9867cc9fe9851d6f150b8539b5a7dcf
	at org.openqa.selenium.remote.ErrorCodec.decode(ErrorCodec.java:167)
	at org.openqa.selenium.remote.codec.w3c.W3CHttpResponseCodec.decode(W3CHttpResponseCodec.java:138)
	at org.openqa.selenium.remote.codec.w3c.W3CHttpResponseCodec.decode(W3CHttpResponseCodec.java:50)
	at org.openqa.selenium.remote.HttpCommandExecutor.execute(HttpCommandExecutor.java:190)
	at org.openqa.selenium.remote.service.DriverCommandExecutor.invokeExecute(DriverCommandExecutor.java:216)
	at org.openqa.selenium.remote.service.DriverCommandExecutor.execute(DriverCommandExecutor.java:174)
	at org.openqa.selenium.remote.RemoteWebDriver.execute(RemoteWebDriver.java:518)
	at org.openqa.selenium.remote.ElementLocation$ElementFinder$2.findElement(ElementLocation.java:165)
	at org.openqa.selenium.remote.ElementLocation.findElement(ElementLocation.java:59)
	at org.openqa.selenium.remote.RemoteWebDriver.findElement(RemoteWebDriver.java:355)
	at org.openqa.selenium.remote.RemoteWebDriver.findElement(RemoteWebDriver.java:349)
	at firstTestNG.parameterstest.NavigatetoMyInfo(parameterstest.java:76)
	at java.base/java.util.ArrayList.forEach(ArrayList.java:1541)
... Removed 35 stack frames
</div> <!-- stack-trace -->
                </div> <!-- method-content -->
              </div> <!-- method -->
            </div> <!-- main-panel-content rounded-window-bottom -->
          </div> <!-- suite-ParameterSuite-class-failed -->
          <div class="suite-ParameterSuite-class-skipped">
            <div class="main-panel-header rounded-window-top">
              <img src="skipped.png"/>
              <span class="class-name">firstTestNG.parameterstest</span>
            </div> <!-- main-panel-header rounded-window-top -->
            <div class="main-panel-content rounded-window-bottom">
              <div class="method">
                <div class="method-content">
                  <a name="verifyInfo">
                  </a> <!-- verifyInfo -->
                  <span class="method-name">verifyInfo</span>
                  <div class="stack-trace">java.lang.Throwable: Method firstTestNG.parameterstest.verifyInfo() on instance firstTestNG.parameterstest@353352b6 depends on not successfully finished methods 
[firstTestNG.parameterstest.NavigatetoMyInfo() on instance firstTestNG.parameterstest@353352b6]
	at java.base/java.util.ArrayList.forEach(ArrayList.java:1541)
... Removed 22 stack frames
</div> <!-- stack-trace -->
                </div> <!-- method-content -->
              </div> <!-- method -->
              <div class="method">
                <div class="method-content">
                  <a name="verifyLogin">
                  </a> <!-- verifyLogin -->
                  <span class="method-name">verifyLogin</span>
                  <div class="stack-trace">java.lang.Throwable: Method firstTestNG.parameterstest.verifyLogin() on instance firstTestNG.parameterstest@69e153c5 depends on not successfully finished methods 
[firstTestNG.parameterstest.NavigatetoMyInfo() on instance firstTestNG.parameterstest@69e153c5]
	at java.base/java.util.ArrayList.forEach(ArrayList.java:1541)
... Removed 22 stack frames
</div> <!-- stack-trace -->
                </div> <!-- method-content -->
              </div> <!-- method -->
            </div> <!-- main-panel-content rounded-window-bottom -->
          </div> <!-- suite-ParameterSuite-class-skipped -->
          <div class="suite-ParameterSuite-class-passed">
            <div class="main-panel-header rounded-window-top">
              <img src="passed.png"/>
              <span class="class-name">firstTestNG.parameterstest</span>
            </div> <!-- main-panel-header rounded-window-top -->
            <div class="main-panel-content rounded-window-bottom">
              <div class="method">
                <div class="method-content">
                  <a name="EnterLoginDetails(Jamna, jamna123)">
                  </a> <!-- EnterLoginDetails(Jamna, jamna123) -->
                  <span class="method-name">EnterLoginDetails</span>
                  <span class="parameters">(Jamna,jamna123)</span>
                </div> <!-- method-content -->
              </div> <!-- method -->
              <div class="method">
                <div class="method-content">
                  <a name="EnterLoginDetails(Jamna, jamna123)">
                  </a> <!-- EnterLoginDetails(Jamna, jamna123) -->
                  <span class="method-name">EnterLoginDetails</span>
                  <span class="parameters">(Jamna,jamna123)</span>
                </div> <!-- method-content -->
              </div> <!-- method -->
              <div class="method">
                <div class="method-content">
                  <a name="Launchapp(https://opensource-demo.orangehrmlive.com/web/index.php/auth/login)">
                  </a> <!-- Launchapp(https://opensource-demo.orangehrmlive.com/web/index.php/auth/login) -->
                  <span class="method-name">Launchapp</span>
                  <span class="parameters">(https://opensource-demo.orangehrmlive.com/web/index.php/auth/login)</span>
                </div> <!-- method-content -->
              </div> <!-- method -->
              <div class="method">
                <div class="method-content">
                  <a name="Launchapp(https://opensource-demo.orangehrmlive.com/web/index.php/auth/login)">
                  </a> <!-- Launchapp(https://opensource-demo.orangehrmlive.com/web/index.php/auth/login) -->
                  <span class="method-name">Launchapp</span>
                  <span class="parameters">(https://opensource-demo.orangehrmlive.com/web/index.php/auth/login)</span>
                </div> <!-- method-content -->
              </div> <!-- method -->
            </div> <!-- main-panel-content rounded-window-bottom -->
          </div> <!-- suite-ParameterSuite-class-passed -->
        </div> <!-- panel ParameterSuite -->
        <div panel-name="test-xml-ParameterSuite" class="panel">
          <div class="main-panel-header rounded-window-top">
            <span class="header-content">C:\Users\Yashpal Singh\Documents\Selenium_English\SeleniumProject\src\test\resources\ParameterTest.xml</span>
          </div> <!-- main-panel-header rounded-window-top -->
          <div class="main-panel-content rounded-window-bottom">
            <pre>
&lt;?xml version=&quot;1.0&quot; encoding=&quot;UTF-8&quot;?&gt;
&lt;!DOCTYPE suite SYSTEM &quot;https://testng.org/testng-1.0.dtd&quot;&gt;
&lt;suite name=&quot;ParameterSuite&quot; guice-stage=&quot;DEVELOPMENT&quot; verbose=&quot;0&quot;&gt;
  &lt;parameter name=&quot;password&quot; value=&quot;jamna123&quot;/&gt;
  &lt;parameter name=&quot;browserName&quot; value=&quot;edge&quot;/&gt;
  &lt;parameter name=&quot;url&quot; value=&quot;https://opensource-demo.orangehrmlive.com/web/index.php/auth/login&quot;/&gt;
  &lt;parameter name=&quot;username&quot; value=&quot;Jamna&quot;/&gt;
  &lt;test thread-count=&quot;5&quot; name=&quot;ParameterTest&quot; verbose=&quot;0&quot;&gt;
    &lt;parameter name=&quot;browserName&quot; value=&quot;Chrome&quot;/&gt;
    &lt;classes&gt;
      &lt;class name=&quot;firstTestNG.parameterstest&quot;&gt;
        &lt;methods&gt;
          &lt;include name=&quot;Launchapp&quot;/&gt;
          &lt;include name=&quot;EnterLoginDetails&quot;/&gt;
          &lt;include name=&quot;NavigatetoMyInfo&quot;/&gt;
          &lt;include name=&quot;verifyLogin&quot;/&gt;
        &lt;/methods&gt;
      &lt;/class&gt; &lt;!-- firstTestNG.parameterstest --&gt;
    &lt;/classes&gt;
  &lt;/test&gt; &lt;!-- ParameterTest --&gt;
  &lt;test thread-count=&quot;5&quot; name=&quot;ParameterTestTwo&quot; verbose=&quot;0&quot;&gt;
    &lt;parameter name=&quot;browserName&quot; value=&quot;edge&quot;/&gt;
    &lt;classes&gt;
      &lt;class name=&quot;firstTestNG.parameterstest&quot;&gt;
        &lt;methods&gt;
          &lt;include name=&quot;Launchapp&quot;/&gt;
          &lt;include name=&quot;EnterLoginDetails&quot;/&gt;
          &lt;include name=&quot;NavigatetoMyInfo&quot;/&gt;
          &lt;include name=&quot;verifyInfo&quot;/&gt;
        &lt;/methods&gt;
      &lt;/class&gt; &lt;!-- firstTestNG.parameterstest --&gt;
    &lt;/classes&gt;
  &lt;/test&gt; &lt;!-- ParameterTestTwo --&gt;
&lt;/suite&gt; &lt;!-- ParameterSuite --&gt;
            </pre>
          </div> <!-- main-panel-content rounded-window-bottom -->
        </div> <!-- panel -->
        <div panel-name="testlist-ParameterSuite" class="panel">
          <div class="main-panel-header rounded-window-top">
            <span class="header-content">Tests for ParameterSuite</span>
          </div> <!-- main-panel-header rounded-window-top -->
          <div class="main-panel-content rounded-window-bottom">
            <ul>
              <li>
                <span class="test-name">ParameterTest (1 class)</span>
              </li>
              <li>
                <span class="test-name">ParameterTestTwo (1 class)</span>
              </li>
            </ul>
          </div> <!-- main-panel-content rounded-window-bottom -->
        </div> <!-- panel -->
        <div panel-name="group-ParameterSuite" class="panel">
          <div class="main-panel-header rounded-window-top">
            <span class="header-content">Groups for ParameterSuite</span>
          </div> <!-- main-panel-header rounded-window-top -->
          <div class="main-panel-content rounded-window-bottom">
          </div> <!-- main-panel-content rounded-window-bottom -->
        </div> <!-- panel -->
        <div panel-name="times-ParameterSuite" class="panel">
          <div class="main-panel-header rounded-window-top">
            <span class="header-content">Times for ParameterSuite</span>
          </div> <!-- main-panel-header rounded-window-top -->
          <div class="main-panel-content rounded-window-bottom">
            <div class="times-div">
              <script type="text/javascript">
suiteTableInitFunctions.push('tableData_ParameterSuite');
function tableData_ParameterSuite() {
var data = new google.visualization.DataTable();
data.addColumn('number', 'Number');
data.addColumn('string', 'Method');
data.addColumn('string', 'Class');
data.addColumn('number', 'Time (ms)');
data.addRows(8);
data.setCell(0, 0, 0)
data.setCell(0, 1, 'NavigatetoMyInfo')
data.setCell(0, 2, 'firstTestNG.parameterstest')
data.setCell(0, 3, 22498);
data.setCell(1, 0, 1)
data.setCell(1, 1, 'NavigatetoMyInfo')
data.setCell(1, 2, 'firstTestNG.parameterstest')
data.setCell(1, 3, 20018);
data.setCell(2, 0, 2)
data.setCell(2, 1, 'Launchapp')
data.setCell(2, 2, 'firstTestNG.parameterstest')
data.setCell(2, 3, 10271);
data.setCell(3, 0, 3)
data.setCell(3, 1, 'Launchapp')
data.setCell(3, 2, 'firstTestNG.parameterstest')
data.setCell(3, 3, 10167);
data.setCell(4, 0, 4)
data.setCell(4, 1, 'EnterLoginDetails')
data.setCell(4, 2, 'firstTestNG.parameterstest')
data.setCell(4, 3, 1407);
data.setCell(5, 0, 5)
data.setCell(5, 1, 'EnterLoginDetails')
data.setCell(5, 2, 'firstTestNG.parameterstest')
data.setCell(5, 3, 1006);
data.setCell(6, 0, 6)
data.setCell(6, 1, 'verifyLogin')
data.setCell(6, 2, 'firstTestNG.parameterstest')
data.setCell(6, 3, 0);
data.setCell(7, 0, 7)
data.setCell(7, 1, 'verifyInfo')
data.setCell(7, 2, 'firstTestNG.parameterstest')
data.setCell(7, 3, 0);
window.suiteTableData['ParameterSuite']= { tableData: data, tableDiv: 'times-div-ParameterSuite'}
return data;
}
              </script>
              <span class="suite-total-time">Total running time: 1 minutes</span>
              <div id="times-div-ParameterSuite">
              </div> <!-- times-div-ParameterSuite -->
            </div> <!-- times-div -->
          </div> <!-- main-panel-content rounded-window-bottom -->
        </div> <!-- panel -->
        <div panel-name="reporter-ParameterSuite" class="panel">
          <div class="main-panel-header rounded-window-top">
            <span class="header-content">Reporter output for ParameterSuite</span>
          </div> <!-- main-panel-header rounded-window-top -->
          <div class="main-panel-content rounded-window-bottom">
          </div> <!-- main-panel-content rounded-window-bottom -->
        </div> <!-- panel -->
        <div panel-name="ignored-methods-ParameterSuite" class="panel">
          <div class="main-panel-header rounded-window-top">
            <span class="header-content">2 ignored methods</span>
          </div> <!-- main-panel-header rounded-window-top -->
          <div class="main-panel-content rounded-window-bottom">
            <div class="ignored-class-div">
              <span class="ignored-class-name">firstTestNG.parameterstest</span>
              <div class="ignored-methods-div">
                <span class="ignored-method-name">verifyLogin</span>
                <br/>
                <span class="ignored-method-name">verifyInfo</span>
                <br/>
              </div> <!-- ignored-methods-div -->
            </div> <!-- ignored-class-div -->
          </div> <!-- main-panel-content rounded-window-bottom -->
        </div> <!-- panel -->
        <div panel-name="chronological-ParameterSuite" class="panel">
          <div class="main-panel-header rounded-window-top">
            <span class="header-content">Methods in chronological order</span>
          </div> <!-- main-panel-header rounded-window-top -->
          <div class="main-panel-content rounded-window-bottom">
            <div class="chronological-class">
              <div class="chronological-class-name">firstTestNG.parameterstest</div> <!-- chronological-class-name -->
              <div class="configuration-test before">
                <span class="method-name">initializeBrowser(Chrome)</span>
                <span class="method-start">0 ms</span>
              </div> <!-- configuration-test before -->
              <div class="test-method">
                <span class="method-name">Launchapp(https://opensource-demo.orangehrmlive.com/web/index.php/auth/login)</span>
                <span class="method-start">1379 ms</span>
              </div> <!-- test-method -->
              <div class="test-method">
                <span class="method-name">EnterLoginDetails(Jamna, jamna123)</span>
                <span class="method-start">11557 ms</span>
              </div> <!-- test-method -->
              <div class="test-method">
                <img src="failed.png">
                </img>
                <span class="method-name">NavigatetoMyInfo</span>
                <span class="method-start">12563 ms</span>
              </div> <!-- test-method -->
              <div class="configuration-test after">
                <span class="method-name">closebrowser</span>
                <span class="method-start">35079 ms</span>
              </div> <!-- configuration-test after -->
              <div class="configuration-test before">
                <span class="method-name">initializeBrowser(edge)</span>
                <span class="method-start">35326 ms</span>
              </div> <!-- configuration-test before -->
              <div class="test-method">
                <span class="method-name">Launchapp(https://opensource-demo.orangehrmlive.com/web/index.php/auth/login)</span>
                <span class="method-start">36506 ms</span>
              </div> <!-- test-method -->
              <div class="test-method">
                <span class="method-name">EnterLoginDetails(Jamna, jamna123)</span>
                <span class="method-start">46779 ms</span>
              </div> <!-- test-method -->
              <div class="test-method">
                <img src="failed.png">
                </img>
                <span class="method-name">NavigatetoMyInfo</span>
                <span class="method-start">48190 ms</span>
              </div> <!-- test-method -->
              <div class="configuration-test after">
                <span class="method-name">closebrowser</span>
                <span class="method-start">68208 ms</span>
              </div> <!-- configuration-test after -->
          </div> <!-- main-panel-content rounded-window-bottom -->
        </div> <!-- panel -->
      </div> <!-- main-panel-root -->
    </div> <!-- wrapper -->
  </body>
<script type="text/javascript" src="testng-reports2.js"></script>
</html>
