<?xml version="1.0" encoding="UTF-8"?>
<!-- Generated by org.testng.reporters.JUnitXMLReporter -->
<testsuite ignored="0" hostname="LAPTOP-FGFTID5C" failures="2" tests="8" name="TestOne" time="2.62" errors="0" timestamp="2024-08-25T07:30:22 IST">
  <testcase classname="firstTestNG.softAsserts" name="startbrowser" time="2.407"/>
  <testcase classname="firstTestNG.softAsserts" name="verifyURL" time="0.017"/>
  <testcase classname="firstTestNG.softAsserts" name="verifyTitle" time="0.01">
    <failure type="java.lang.AssertionError" message="The following asserts failed:
	expected [false] but found [true]">
      <![CDATA[java.lang.AssertionError: The following asserts failed:
expected [false] but found [true]
at firstTestNG.softAsserts.verifyTitle(softAsserts.java:31)
at java.base/java.util.ArrayList.forEach(ArrayList.java:1511)
... Removed 29 stack frames]]>
    </failure>
  </testcase> <!-- verifyTitle -->
  <testcase classname="firstTestNG.softAsserts" name="closebrowser" time="0.118"/>
  <testcase classname="firstTestNG.skips" name="startbrowser" time="0.001">
    <failure type="java.lang.AssertionError" message="expected [true] but found [false]">
      <![CDATA[java.lang.AssertionError: expected [true] but found [false]
at firstTestNG.skips.startbrowser(skips.java:14)
at java.base/java.util.ArrayList.forEach(ArrayList.java:1511)
... Removed 31 stack frames]]>
    </failure>
  </testcase> <!-- startbrowser -->
  <testcase classname="firstTestNG.skips" name="verifyURL" time="0.001"/>
  <testcase classname="firstTestNG.skips" name="closebrowser" time="0.0">
    <skipped/>
  </testcase> <!-- closebrowser -->
  <testcase classname="firstTestNG.skips" name="verifyTitle" time="0.0">
    <skipped/>
  </testcase> <!-- verifyTitle -->
</testsuite> <!-- TestOne -->
